[16:07:38.142][INFO][CraftTweaker-EarlyInit]: CraftTweaker is running on a Minecraft 1.20.1 production client modded with platform Forge
[16:07:38.156][INFO][JEITweaker]: Identified JeiTweaker plugin 'jeitweaker:forge': loading scheduled
[16:07:38.157][INFO][CraftTweaker-EarlyInit]: Successfully injected RecipeFS file system
[16:07:38.157][INFO][JEITweaker]: Identified JeiTweaker plugin 'jeitweaker:common': loading scheduled
[16:07:38.180][INFO][CraftTweaker-Plugins]: Successfully identified and loaded plugin jeitweaker:common
[16:07:38.216][INFO][CraftTweaker-Plugins]: Successfully identified and loaded plugin crafttweaker:builtin
[16:07:38.216][INFO][CraftTweaker-Plugins]: Successfully identified and loaded plugin crafttweaker:builtin_forge
[16:07:38.219][INFO][CraftTweaker-Plugins]: Successfully identified and loaded plugin createtweaker:main
[16:07:38.232][INFO][CraftTweaker-Plugins]: Successfully identified and loaded plugin farmersdelight:crafttweaker_plugin
[16:07:38.237][INFO][JEITweaker]: JEITweaker Environmental Check: the combination of mods [jei] is fully supported
[16:07:38.237][INFO][JEITweaker]: Running JeiTweaker plugin initialization
[16:07:38.241][INFO][JEITweaker]: JeiTweaker plugin initialization completed successfully
[16:07:39.275][INFO][CraftTweaker]: The following mods have explicit CraftTweaker support through the default plugin:
[16:07:39.276][INFO][CraftTweaker]: - 'aether' at version '1.20.1-1.0.0-beta.2-neoforge'
[16:07:39.276][INFO][CraftTweaker]: - 'crafttweaker' at version '14.0.27'
[16:07:39.277][INFO][CraftTweaker]: - 'createtweaker' at version '4.0.7'
[16:07:39.277][INFO][CraftTweaker]: - 'farmersdelight' at version '1.20.1-1.2.3'
[16:07:39.277][INFO][CraftTweaker]: - 'jeitweaker' at version '8.0.6'
[16:07:54.685][INFO][CraftTweaker-ZenCode]: Started loading scripts for loader 'initialize'
[16:07:55.372][INFO][CraftTweaker-ZenCode]: Compiling and executing scripts
[16:07:55.663][INFO][CraftTweaker-ZenCode]: Successfully initialized modules [crafttweaker, expansions]
[16:07:56.152][INFO][CraftTweaker-ZenCode]: Execution for loader 'initialize' completed successfully
[16:09:40.454][INFO][CraftTweaker-ZenCode]: Started loading scripts for loader 'tags'
[16:09:40.477][INFO][CraftTweaker-ZenCode]: Compiling and executing scripts
[16:09:40.494][INFO][CraftTweaker-ZenCode]: Successfully initialized modules [crafttweaker, expansions]
[16:09:40.504][INFO][CraftTweaker-ZenCode]: Execution for loader 'tags' completed successfully
[16:09:42.579][INFO][CraftTweaker]: CraftTweaker reload starting!
[16:09:42.583][INFO][CraftTweaker-ZenCode]: Started loading scripts for loader 'crafttweaker'
[16:09:42.621][INFO][CraftTweaker-ZenCode]: Compiling and executing scripts
[16:09:43.075][INFO][CraftTweaker-ZenCode]: Successfully initialized modules [mods, crafttweaker, expansions]
[16:09:43.085][INFO][CraftTweaker-ZenCode]: Execution for loader 'crafttweaker' completed successfully
[16:09:43.086][INFO][CraftTweaker]: CraftTweaker reload complete!
